<?xml version="1.0" encoding="UTF-8"?>
<!-- Generated by org.testng.reporters.JUnitReportReporter -->
<testsuite skipped="0" hostname="QA-MAC4.local" name="Testsauclabs" tests="1" failures="0" timestamp="31 May 2021 15:34:25 GMT" time="19.526" errors="0">
  <testcase name="f" time="19.526" classname="Testsauclabs"/>
</testsuite> <!-- Testsauclabs -->
